[INFO ] 14-08-2022 15:14:36 [main] Log - Run test case: Sign in to the Agora
[INFO ] 14-08-2022 15:14:46 [main] Log - Run test case: Click on the Browse camps button
[INFO ] 14-08-2022 15:14:56 [main] Log - Run test case: Select the course
[INFO ] 14-08-2022 15:15:17 [main] Log - Run test case: Click on the Book now button
[INFO ] 14-08-2022 15:15:27 [main] Log - Run test case: Click on the Next button
[INFO ] 14-08-2022 15:15:47 [main] Log - Run test case: Click on the Cart icon
[INFO ] 14-08-2022 15:50:01 [main] Log - Run test case: Sign in to the Agora
[INFO ] 14-08-2022 15:58:44 [main] Log - Run test case: Sign in to the Agora
[INFO ] 14-08-2022 16:42:16 [main] Log - Run test case: Sign in to the Agora
[INFO ] 14-08-2022 16:42:26 [main] Log - Run test case: Click on the Browse camps button
[INFO ] 14-08-2022 16:42:36 [main] Log - Run test case: Select the course
[INFO ] 14-08-2022 16:42:57 [main] Log - Run test case: Click on the Book now button
[INFO ] 14-08-2022 16:43:27 [main] Log - Run test case: Click on the Next button
[INFO ] 14-08-2022 16:43:47 [main] Log - Run test case: Click on the Cart icon
[INFO ] 14-08-2022 16:48:02 [main] Log - Run test case: Sign in to the Agora
[INFO ] 14-08-2022 16:48:12 [main] Log - Run test case: Click on the Browse camps button
[INFO ] 14-08-2022 16:48:22 [main] Log - Run test case: Select the course
[INFO ] 14-08-2022 16:48:43 [main] Log - Run test case: Click on the Book now button
[INFO ] 14-08-2022 16:48:53 [main] Log - Run test case: Click on the Next button
[INFO ] 14-08-2022 16:49:03 [main] Log - Run test case: Click on the Cart icon
[INFO ] 15-08-2022 13:55:59 [main] Log - Run test case: Sign in to the Agora
[INFO ] 15-08-2022 13:56:17 [main] Log - Run test case: Click on the Browse camps button
[INFO ] 15-08-2022 13:56:27 [main] Log - Run test case: Select the course
[INFO ] 15-08-2022 13:56:48 [main] Log - Run test case: Click on the Book now button
[INFO ] 15-08-2022 13:56:49 [main] Log - Run test case: Click on the Next button
[INFO ] 15-08-2022 13:57:09 [main] Log - Run test case: Click on the Cart icon
[INFO ] 15-08-2022 13:59:38 [main] Log - Run test case: Sign in to the Agora
[INFO ] 15-08-2022 13:59:56 [main] Log - Run test case: Click on the Browse camps button
[INFO ] 15-08-2022 14:00:07 [main] Log - Run test case: Select the course
[INFO ] 15-08-2022 14:00:27 [main] Log - Run test case: Click on the Book now button
[INFO ] 15-08-2022 14:00:28 [main] Log - Run test case: Click on the Next button
[INFO ] 15-08-2022 14:00:48 [main] Log - Run test case: Click on the Cart icon
[INFO ] 15-08-2022 14:05:13 [main] Log - Run test case: Sign in to the Agora
[INFO ] 15-08-2022 14:05:31 [main] Log - Run test case: Click on the Browse camps button
[INFO ] 15-08-2022 14:05:41 [main] Log - Run test case: Select the course
[INFO ] 15-08-2022 14:06:02 [main] Log - Run test case: Click on the Book now button
[INFO ] 15-08-2022 14:06:03 [main] Log - Run test case: Click on the Next button
[INFO ] 15-08-2022 14:06:23 [main] Log - Run test case: Click on the Cart icon
[INFO ] 15-08-2022 14:07:55 [main] Log - Run test case: Sign in to the Agora
[INFO ] 15-08-2022 14:08:14 [main] Log - Run test case: Click on the Browse camps button
[INFO ] 15-08-2022 14:08:24 [main] Log - Run test case: Select the course
[INFO ] 15-08-2022 14:08:44 [main] Log - Run test case: Click on the Book now button
[INFO ] 15-08-2022 14:08:45 [main] Log - Run test case: Click on the Next button
[INFO ] 15-08-2022 14:09:05 [main] Log - Run test case: Click on the Cart icon
[INFO ] 15-08-2022 14:10:41 [main] Log - Run test case: Sign in to the Agora
[INFO ] 15-08-2022 14:10:59 [main] Log - Run test case: Click on the Browse camps button
[INFO ] 15-08-2022 14:11:10 [main] Log - Run test case: Select the course
[INFO ] 15-08-2022 14:11:30 [main] Log - Run test case: Click on the Book now button
[INFO ] 15-08-2022 14:11:31 [main] Log - Run test case: Click on the Next button
[INFO ] 15-08-2022 14:11:51 [main] Log - Run test case: Click on the Cart icon
[INFO ] 15-08-2022 14:14:52 [main] Log - Run test case: Sign in to the Agora
[INFO ] 15-08-2022 14:15:10 [main] Log - Run test case: Click on the Browse camps button
[INFO ] 15-08-2022 14:15:20 [main] Log - Run test case: Select the course
[INFO ] 15-08-2022 14:15:41 [main] Log - Run test case: Click on the Book now button
[INFO ] 15-08-2022 14:15:42 [main] Log - Run test case: Click on the Next button
[INFO ] 15-08-2022 14:16:02 [main] Log - Run test case: Click on the Cart icon
[INFO ] 15-08-2022 14:22:08 [main] Log - Run test case: Sign in to the Agora
[INFO ] 15-08-2022 14:22:27 [main] Log - Run test case: Click on the Browse camps button
[INFO ] 15-08-2022 14:22:37 [main] Log - Run test case: Select the course
[INFO ] 15-08-2022 14:22:57 [main] Log - Run test case: Click on the Book now button
[INFO ] 15-08-2022 14:22:59 [main] Log - Run test case: Click on the Next button
[INFO ] 15-08-2022 14:23:19 [main] Log - Run test case: Click on the Cart icon
[INFO ] 15-08-2022 14:35:16 [main] Log - Run test case: Sign in to the Agora
[INFO ] 15-08-2022 14:35:35 [main] Log - Run test case: Click on the Browse camps button
[INFO ] 15-08-2022 14:35:45 [main] Log - Run test case: Select the course
[INFO ] 15-08-2022 14:36:05 [main] Log - Run test case: Click on the Book now button
[INFO ] 15-08-2022 14:36:05 [main] Log - Run test case: Click on the Next button
[INFO ] 15-08-2022 14:36:25 [main] Log - Run test case: Click on the Cart icon
[INFO ] 15-08-2022 14:41:43 [main] Log - Run test case: Sign in to the Agora
[INFO ] 15-08-2022 14:42:01 [main] Log - Run test case: Click on the Browse camps button
[INFO ] 15-08-2022 14:42:12 [main] Log - Run test case: Select the course
[INFO ] 15-08-2022 14:42:32 [main] Log - Run test case: Click on the Book now button
[INFO ] 15-08-2022 14:42:33 [main] Log - Run test case: Click on the Next button
[INFO ] 15-08-2022 14:42:53 [main] Log - Run test case: Click on the Cart icon
[INFO ] 17-08-2022 09:37:24 [main] Log - Run test case: Sign in to the Agora
[INFO ] 17-08-2022 09:37:41 [main] Log - Run test case: Click on the Browse camps button
[INFO ] 17-08-2022 09:37:52 [main] Log - Run test case: Select the course
[INFO ] 17-08-2022 09:38:12 [main] Log - Run test case: Click on the Book now button
[INFO ] 17-08-2022 09:38:13 [main] Log - Run test case: Click on the Next button
[INFO ] 17-08-2022 09:38:33 [main] Log - Run test case: Click on the Cart icon
[INFO ] 17-08-2022 09:45:34 [main] Log - Run test case: Sign in to the Agora
[INFO ] 17-08-2022 09:45:52 [main] Log - Run test case: Click on the Browse camps button
[INFO ] 17-08-2022 09:46:02 [main] Log - Run test case: Select the course
[INFO ] 17-08-2022 09:46:22 [main] Log - Run test case: Click on the Book now button
[INFO ] 17-08-2022 09:46:24 [main] Log - Run test case: Click on the Next button
[INFO ] 17-08-2022 09:46:44 [main] Log - Run test case: Click on the Cart icon
[INFO ] 17-08-2022 10:01:37 [main] Log - Run test case: Sign in to the Agora
[INFO ] 17-08-2022 10:01:55 [main] Log - Run test case: Click on the Browse camps button
[INFO ] 17-08-2022 10:02:05 [main] Log - Run test case: Select the course
[INFO ] 17-08-2022 10:02:25 [main] Log - Run test case: Click on the Book now button
[INFO ] 17-08-2022 10:02:27 [main] Log - Run test case: Click on the Next button
[INFO ] 17-08-2022 10:50:27 [main] Log - Run test case: Sign in to the Agora
[INFO ] 17-08-2022 10:50:44 [main] Log - Run test case: Click on the Browse camps button
[INFO ] 17-08-2022 10:50:54 [main] Log - Run test case: Select the course
[INFO ] 17-08-2022 10:51:15 [main] Log - Run test case: Click on the Book now button
[INFO ] 17-08-2022 10:51:35 [main] Log - Run test case: Click on the Next button
[INFO ] 17-08-2022 14:28:20 [main] Log - Run test case: Add the course to the cart
[INFO ] 17-08-2022 14:28:20 [main] Log - 1. Click on the Browse camps button
[INFO ] 17-08-2022 15:36:56 [main] Log - Run test case: Add the course to the cart
[INFO ] 17-08-2022 15:36:56 [main] Log - 1. Click on the Browse camps button
[INFO ] 17-08-2022 15:36:56 [main] Log - 2. Click on the Clear all button
[INFO ] 17-08-2022 16:04:24 [main] Log - Run test case: Add the course to the cart
[INFO ] 17-08-2022 16:04:24 [main] Log - 1. Click on the Browse camps button
[INFO ] 17-08-2022 16:04:24 [main] Log - 2. Click on the Clear all button
[INFO ] 17-08-2022 16:10:46 [main] Log - Run test case: Add the course to the cart
[INFO ] 17-08-2022 16:10:46 [main] Log - 1. Click on the Browse camps button
[INFO ] 17-08-2022 16:10:47 [main] Log - 2. Click on the Clear all button
[INFO ] 17-08-2022 16:14:47 [main] Log - Run test case: Add the course to the cart
[INFO ] 17-08-2022 16:14:47 [main] Log - 1. Click on the Browse camps button
[INFO ] 17-08-2022 16:14:47 [main] Log - 2. Click on the Clear all button
[INFO ] 17-08-2022 16:24:18 [main] Log - Run test case: Add the course to the cart
[INFO ] 17-08-2022 16:24:18 [main] Log - 1. Click on the Browse camps button
[INFO ] 17-08-2022 16:24:18 [main] Log - 2. Click on the Clear all button
[INFO ] 17-08-2022 16:29:28 [main] Log - Run test case: Add the course to the cart
[INFO ] 17-08-2022 16:29:28 [main] Log - 1. Click on the Browse camps button
[INFO ] 17-08-2022 16:33:22 [main] Log - Run test case: Add the course to the cart
[INFO ] 17-08-2022 16:33:22 [main] Log - 1. Click on the Browse camps button
[INFO ] 17-08-2022 16:33:22 [main] Log - 2. Click on the Clear all button
[INFO ] 17-08-2022 16:58:39 [main] Log - Run test case: Add the course to the cart
[INFO ] 17-08-2022 16:58:39 [main] Log - 1. Click on the Browse camps button
[INFO ] 17-08-2022 16:58:39 [main] Log - 2. Click on the Clear all button
[INFO ] 17-08-2022 17:11:46 [main] Log - Run test case: Add the course to the cart
[INFO ] 17-08-2022 17:11:46 [main] Log - 1. Click on the Browse camps button
[INFO ] 17-08-2022 17:11:46 [main] Log - 2. Click on the Clear all button
[INFO ] 17-08-2022 17:14:05 [main] Log - Run test case: Add the course to the cart
[INFO ] 17-08-2022 17:14:05 [main] Log - 1. Click on the Browse camps button
[INFO ] 17-08-2022 17:14:05 [main] Log - 2. Click on the Clear all button
[INFO ] 17-08-2022 17:14:06 [main] Log - 3. Select the course
[INFO ] 17-08-2022 17:14:07 [main] Log - 4. Click on the Book now button
[INFO ] 17-08-2022 17:18:17 [main] Log - Run test case: Add the course to the cart
[INFO ] 17-08-2022 17:18:17 [main] Log - 1. Click on the Browse camps button
[INFO ] 17-08-2022 17:18:17 [main] Log - 2. Click on the Clear all button
[INFO ] 17-08-2022 17:20:46 [main] Log - Run test case: Add the course to the cart
[INFO ] 17-08-2022 17:20:46 [main] Log - 1. Click on the Browse camps button
[INFO ] 17-08-2022 17:20:46 [main] Log - 2. Click on the Clear all button
[INFO ] 17-08-2022 17:23:23 [main] Log - Run test case: Add the course to the cart
[INFO ] 17-08-2022 17:23:23 [main] Log - 1. Click on the Browse camps button
[INFO ] 17-08-2022 17:23:23 [main] Log - 2. Click on the Clear all button
[INFO ] 17-08-2022 17:25:30 [main] Log - Run test case: Add the course to the cart
[INFO ] 17-08-2022 17:25:30 [main] Log - 1. Click on the Browse camps button
[INFO ] 17-08-2022 17:25:31 [main] Log - 2. Click on the Clear all button
[INFO ] 17-08-2022 17:38:36 [main] Log - Run test case: Add the course to the cart
[INFO ] 17-08-2022 17:38:36 [main] Log - 1. Click on the Browse camps button
[INFO ] 17-08-2022 17:38:36 [main] Log - 2. Click on the Clear all button
[INFO ] 17-08-2022 17:39:14 [main] Log - Run test case: Check the course in the cart
[INFO ] 17-08-2022 17:39:14 [main] Log - 1. Click on the Cart icon
[INFO ] 17-08-2022 17:57:39 [main] Log - Run test case: Add the course to the cart
[INFO ] 17-08-2022 17:57:39 [main] Log - 1. Click on the Courses button
[INFO ] 17-08-2022 17:57:39 [main] Log - 2. Select the course
[INFO ] 17-08-2022 17:57:41 [main] Log - 3. Click on the Book now button
[INFO ] 17-08-2022 17:58:19 [main] Log - Run test case: Check the added course in the cart
[INFO ] 17-08-2022 17:58:19 [main] Log - 1. Click on the Cart icon
[INFO ] 17-08-2022 18:06:01 [main] Log - Run test case: Add the course to the cart
[INFO ] 17-08-2022 18:06:01 [main] Log - 1. Click on the Courses button
[INFO ] 17-08-2022 18:06:01 [main] Log - 2. Select the course
[INFO ] 17-08-2022 18:06:02 [main] Log - 3. Click on the Book now button
[INFO ] 17-08-2022 18:06:44 [main] Log - Run test case: Check the added course in the cart
[INFO ] 17-08-2022 18:06:44 [main] Log - 1. Click on the Cart icon
[INFO ] 17-08-2022 18:14:21 [main] Log - Run test case: Add the course to the cart
[INFO ] 17-08-2022 18:14:21 [main] Log - 1. Click on the Courses button
[INFO ] 17-08-2022 18:14:21 [main] Log - 2. Select the course
[INFO ] 17-08-2022 18:14:22 [main] Log - 3. Click on the Book now button
[INFO ] 17-08-2022 18:15:00 [main] Log - Run test case: Check the added course in the cart
[INFO ] 17-08-2022 18:15:00 [main] Log - 1. Click on the Cart icon
[INFO ] 17-08-2022 18:26:37 [main] Log - Run test case: Add the course to the cart
[INFO ] 17-08-2022 18:26:37 [main] Log - 1. Click on the Courses button
[INFO ] 17-08-2022 18:26:37 [main] Log - 2. Select the course
[INFO ] 17-08-2022 18:26:38 [main] Log - 3. Click on the Book now button
[INFO ] 17-08-2022 18:27:15 [main] Log - Run test case: Check the added course in the cart
[INFO ] 17-08-2022 18:27:15 [main] Log - 1. Click on the Cart icon
[INFO ] 17-08-2022 18:37:07 [main] Log - Run test case: Add the course to the cart
[INFO ] 17-08-2022 18:37:07 [main] Log - 1. Click on the Courses button
[INFO ] 17-08-2022 18:37:07 [main] Log - 2. Select the course
[INFO ] 17-08-2022 18:37:45 [main] Log - Run test case: Check the added course in the cart
[INFO ] 17-08-2022 18:37:45 [main] Log - 1. Click on the Cart icon
[INFO ] 18-08-2022 09:22:03 [main] Log - Run test case: Select the course
[INFO ] 18-08-2022 09:22:03 [main] Log - 1. Click on the Courses button
[INFO ] 18-08-2022 09:22:03 [main] Log - 2. Select the course
[INFO ] 18-08-2022 09:22:04 [main] Log - Run test case: Check the added course in the cart
[INFO ] 18-08-2022 09:22:04 [main] Log - 1. Click on the Cart icon
[INFO ] 22-08-2022 15:06:40 [main] Log - Run test case: Select the course
[INFO ] 22-08-2022 15:06:40 [main] Log - 1. Click on the Courses button
[INFO ] 22-08-2022 15:06:40 [main] Log - 2. Select the course
[INFO ] 22-08-2022 15:06:41 [main] Log - 3. Check the title of the course
[INFO ] 22-08-2022 15:06:41 [main] Log - Run test case: Check the added course in the cart
[INFO ] 22-08-2022 15:06:41 [main] Log - 1. Click on the Cart icon
[INFO ] 22-08-2022 15:06:41 [main] Log - 2. Check the Validate button is shown
[INFO ] 22-08-2022 15:06:42 [main] Log - 3. Check the title of the added course
[INFO ] 22-08-2022 15:06:42 [main] Log - Run test case passed: Check the added course in the cart
[INFO ] 22-08-2022 15:11:03 [main] Log - Run test case: Select the course
[INFO ] 22-08-2022 15:11:03 [main] Log - 1. Click on the Courses button
[INFO ] 22-08-2022 15:11:03 [main] Log - 2. Select the course
[INFO ] 22-08-2022 15:11:04 [main] Log - 3. Check the title of the course
[INFO ] 22-08-2022 15:11:04 [main] Log - Run test case: Check the added course in the cart
[INFO ] 22-08-2022 15:11:04 [main] Log - 1. Click on the Cart icon
[INFO ] 22-08-2022 15:11:04 [main] Log - 2. Check the Validate button is shown
[INFO ] 22-08-2022 15:17:25 [main] Log - Run test case: Select the course
[INFO ] 22-08-2022 15:17:25 [main] Log - 1. Click on the Courses button
[INFO ] 22-08-2022 15:17:25 [main] Log - 2. Select the course
[INFO ] 22-08-2022 15:17:26 [main] Log - 3. Check the title of the course
[INFO ] 22-08-2022 15:17:26 [main] Log - Run test case: Check the added course in the cart
[INFO ] 22-08-2022 15:17:26 [main] Log - 1. Click on the Cart icon
[INFO ] 22-08-2022 15:17:26 [main] Log - 2. Check the Validate button is shown
[INFO ] 22-08-2022 15:17:27 [main] Log - 3. Check the title of the added course
[INFO ] 22-08-2022 15:17:27 [main] Log - Run test case passed: Check the added course in the cart
[INFO ] 22-08-2022 15:21:08 [main] Log - Run test case: Select the course
[INFO ] 22-08-2022 15:21:08 [main] Log - 1. Click on the Courses button
[INFO ] 22-08-2022 15:21:08 [main] Log - 2. Select the course
[INFO ] 22-08-2022 15:21:09 [main] Log - 3. Check the title of the course
[INFO ] 22-08-2022 15:21:09 [main] Log - Run test case: Check the added course in the cart
[INFO ] 22-08-2022 15:21:09 [main] Log - 1. Click on the Cart icon
[INFO ] 22-08-2022 15:21:10 [main] Log - 2. Check the Validate button is shown
[INFO ] 22-08-2022 15:21:10 [main] Log - 3. Check the title of the added course
[INFO ] 22-08-2022 15:21:10 [main] Log - Run test case passed: Check the added course in the cart
[INFO ] 22-08-2022 15:24:54 [main] Log - Run test case: Select the course
[INFO ] 22-08-2022 15:24:54 [main] Log - 1. Click on the Courses button
[INFO ] 22-08-2022 15:24:54 [main] Log - 2. Select the course
[INFO ] 22-08-2022 15:24:55 [main] Log - 3. Check the title of the course
[INFO ] 22-08-2022 15:24:55 [main] Log - Run test case: Check the added course in the cart
[INFO ] 22-08-2022 15:24:55 [main] Log - 1. Click on the Cart icon
[INFO ] 22-08-2022 15:24:55 [main] Log - 2. Check the Validate button is shown
[INFO ] 22-08-2022 15:24:56 [main] Log - 3. Check the title of the added course
[INFO ] 22-08-2022 15:24:56 [main] Log - Run test case passed: Check the added course in the cart
[INFO ] 22-08-2022 15:34:16 [main] Log - Run test case: Select the course
[INFO ] 22-08-2022 15:34:16 [main] Log - 1. Click on the Courses button
[INFO ] 22-08-2022 15:34:16 [main] Log - 2. Select the course
[INFO ] 22-08-2022 15:34:17 [main] Log - 3. Check the title of the course
[INFO ] 22-08-2022 15:34:17 [main] Log - Run test case: Check the added course in the cart
[INFO ] 22-08-2022 15:34:17 [main] Log - 1. Click on the Cart icon
[INFO ] 22-08-2022 15:34:17 [main] Log - 2. Check the Validate button is shown
[INFO ] 22-08-2022 15:34:18 [main] Log - 3. Check the title of the added course
[INFO ] 22-08-2022 15:34:18 [main] Log - Run test case passed: Check the added course in the cart
[INFO ] 22-08-2022 15:40:16 [main] Log - Run test case: Select the course
[INFO ] 22-08-2022 15:40:16 [main] Log - 1. Click on the Courses button
[INFO ] 22-08-2022 15:40:16 [main] Log - 2. Select the course
[INFO ] 22-08-2022 15:40:17 [main] Log - 3. Check the title of the course
[INFO ] 22-08-2022 15:40:17 [main] Log - Run test case: Check the added course in the cart
[INFO ] 22-08-2022 15:40:17 [main] Log - 1. Click on the Cart icon
[INFO ] 22-08-2022 15:40:17 [main] Log - 2. Check the Validate button is shown
[INFO ] 22-08-2022 15:40:18 [main] Log - 3. Check the title of the added course
[INFO ] 22-08-2022 15:40:18 [main] Log - Run test case passed: Check the added course in the cart
[INFO ] 22-08-2022 15:44:27 [main] Log - Run test case: Select the course
[INFO ] 22-08-2022 15:44:27 [main] Log - 1. Click on the Courses button
[INFO ] 22-08-2022 15:44:27 [main] Log - 2. Select the course
[INFO ] 22-08-2022 15:44:28 [main] Log - 3. Check the title of the course
[INFO ] 22-08-2022 15:48:33 [main] Log - Run test case: Select the course
[INFO ] 22-08-2022 15:48:33 [main] Log - 1. Click on the Courses button
[INFO ] 22-08-2022 15:48:33 [main] Log - 2. Select the course
[INFO ] 22-08-2022 15:48:34 [main] Log - 3. Check the title of the course
[INFO ] 22-08-2022 15:51:58 [main] Log - Run test case: Select the course
[INFO ] 22-08-2022 15:51:58 [main] Log - 1. Click on the Courses button
[INFO ] 22-08-2022 15:51:58 [main] Log - 2. Select the course
[INFO ] 22-08-2022 15:51:59 [main] Log - 3. Check the title of the course
[INFO ] 22-08-2022 15:55:52 [main] Log - Run test case: Select the course
[INFO ] 22-08-2022 15:55:52 [main] Log - 1. Click on the Courses button
[INFO ] 22-08-2022 15:55:52 [main] Log - 2. Select the course
[INFO ] 22-08-2022 15:55:53 [main] Log - 3. Check the title of the course
[INFO ] 22-08-2022 16:02:22 [main] Log - Run test case: Select the course
[INFO ] 22-08-2022 16:02:22 [main] Log - 1. Click on the Courses button
[INFO ] 22-08-2022 16:02:22 [main] Log - 2. Select the course
[INFO ] 22-08-2022 16:02:23 [main] Log - 3. Check the title of the course
[INFO ] 22-08-2022 16:38:39 [main] Log - Run test case: Select the course
[INFO ] 22-08-2022 16:38:39 [main] Log - 1. Click on the Courses button
[INFO ] 22-08-2022 16:38:39 [main] Log - 2. Select the course
[INFO ] 22-08-2022 16:38:47 [main] Log - 3. Check the title of the course
[INFO ] 22-08-2022 16:42:30 [main] Log - Run test case: Select the course
[INFO ] 22-08-2022 16:42:30 [main] Log - 1. Click on the Courses button
[INFO ] 22-08-2022 16:47:21 [main] Log - Run test case: Select the course
[INFO ] 22-08-2022 16:47:21 [main] Log - 1. Click on the Courses button
[INFO ] 22-08-2022 16:47:21 [main] Log - 2. Select the course
[INFO ] 22-08-2022 16:47:22 [main] Log - 3. Check the Book now button is shown
[INFO ] 22-08-2022 16:47:22 [main] Log - 4. Check the title of the course
[INFO ] 22-08-2022 16:47:22 [main] Log - Run test case passed: Select the course
[INFO ] 22-08-2022 16:50:48 [main] Log - Run test case: Select the course
[INFO ] 22-08-2022 16:50:48 [main] Log - 1. Click on the Courses button
[INFO ] 22-08-2022 16:50:48 [main] Log - 2. Select the course
[INFO ] 22-08-2022 16:50:50 [main] Log - 3. Check the Book now button is shown
[INFO ] 22-08-2022 16:50:50 [main] Log - 4. Check the title of the course
[INFO ] 22-08-2022 16:50:50 [main] Log - Run test case passed: Select the course
[INFO ] 22-08-2022 16:50:50 [main] Log - Run test case: Check the added course in the cart
[INFO ] 22-08-2022 16:50:50 [main] Log - 1. Click on the Cart icon
[INFO ] 22-08-2022 16:50:50 [main] Log - 2. Check the Validate button is shown
[INFO ] 22-08-2022 16:50:51 [main] Log - 3. Check the title of the added course
[INFO ] 22-08-2022 16:50:51 [main] Log - Run test case passed: Check the added course in the cart
[INFO ] 22-08-2022 16:59:19 [main] Log - Run test case: Select the course
[INFO ] 22-08-2022 16:59:19 [main] Log - 1. Click on the Courses button
[INFO ] 22-08-2022 16:59:20 [main] Log - 2. Select the course
[INFO ] 22-08-2022 16:59:20 [main] Log - 3. Check the Book now button is shown
[INFO ] 22-08-2022 16:59:21 [main] Log - 4. Check the title of the course
[INFO ] 22-08-2022 16:59:21 [main] Log - Run test case passed: Select the course
[INFO ] 25-08-2022 09:55:35 [main] Log - Run test case: Select the course
[INFO ] 25-08-2022 09:55:35 [main] Log - 1. Click on the Courses button
[INFO ] 25-08-2022 09:55:35 [main] Log - 2. Select the course
[INFO ] 25-08-2022 09:55:36 [main] Log - 3. Check the Book now button is shown
[INFO ] 25-08-2022 09:55:37 [main] Log - 4. Check the title of the course
[INFO ] 25-08-2022 09:55:37 [main] Log - Select the course successfully
[INFO ] 25-08-2022 09:55:37 [main] Log - Run test case: Check the added course in the cart
[INFO ] 25-08-2022 09:55:37 [main] Log - 1. Click on the Cart icon
[INFO ] 25-08-2022 09:55:38 [main] Log - 2. Check the Validate button is shown
[INFO ] 25-08-2022 09:55:38 [main] Log - 3. Check the title of the added course
[INFO ] 25-08-2022 09:55:38 [main] Log - The course is shown in the cart
[INFO ] 25-08-2022 10:22:21 [main] Log - Run test case: Select the plan
[INFO ] 25-08-2022 10:22:21 [main] Log - 1. Click on the Plans button
[INFO ] 25-08-2022 10:22:21 [main] Log - 2. Click on the Choose button in the Pay As You Go card
[INFO ] 25-08-2022 10:27:57 [main] Log - Run test case: Select the course
[INFO ] 25-08-2022 10:27:57 [main] Log - 1. Click on the Courses button
[INFO ] 25-08-2022 10:27:57 [main] Log - 2. Select the course
[INFO ] 25-08-2022 10:27:58 [main] Log - 3. Check the Book now button is shown
[INFO ] 25-08-2022 10:28:00 [main] Log - 4. Check the title of the course
[INFO ] 25-08-2022 10:28:00 [main] Log - Select the course successfully
[INFO ] 25-08-2022 10:28:00 [main] Log - Run test case: Check the added course in the cart
[INFO ] 25-08-2022 10:28:00 [main] Log - 1. Click on the Cart icon
[INFO ] 25-08-2022 10:28:00 [main] Log - 2. Check the Validate button is shown
[INFO ] 25-08-2022 10:28:01 [main] Log - 3. Check the title of the added course
[INFO ] 25-08-2022 10:28:01 [main] Log - The course is shown in the cart
[INFO ] 26-08-2022 09:26:19 [main] Log - Run test case: Select the course
[INFO ] 26-08-2022 09:26:20 [main] Log - 1. Click on the Courses button
[INFO ] 26-08-2022 09:26:20 [main] Log - 2. Select the course
[INFO ] 26-08-2022 09:26:21 [main] Log - 3. Check the Book now button is shown
[INFO ] 26-08-2022 09:26:51 [main] Log - Run test case: Check the added course in the cart
[INFO ] 26-08-2022 09:26:51 [main] Log - 1. Click on the Cart icon
[INFO ] 26-08-2022 09:26:52 [main] Log - 2. Check the Validate button is shown
[INFO ] 26-08-2022 09:26:52 [main] Log - 3. Check the title of the added course
[INFO ] 26-08-2022 09:26:53 [main] Log - The course is shown in the cart
[INFO ] 26-08-2022 09:30:56 [main] Log - Run test case: Select the course
[INFO ] 26-08-2022 09:30:56 [main] Log - 1. Click on the Courses button
[INFO ] 26-08-2022 09:30:57 [main] Log - 2. Select the course
[INFO ] 26-08-2022 09:30:57 [main] Log - 3. Check the Book now button is shown
[INFO ] 26-08-2022 09:30:58 [main] Log - 4. Check the title of the course
[INFO ] 26-08-2022 09:30:58 [main] Log - Select the course successfully
[INFO ] 26-08-2022 09:30:58 [main] Log - Run test case: Check the added course in the cart
[INFO ] 26-08-2022 09:30:58 [main] Log - 1. Click on the Cart icon
[INFO ] 26-08-2022 09:30:58 [main] Log - 2. Check the Validate button is shown
[INFO ] 26-08-2022 09:30:59 [main] Log - 3. Check the title of the added course
[INFO ] 26-08-2022 09:30:59 [main] Log - The course is shown in the cart
[INFO ] 26-08-2022 10:28:11 [main] Log - Run test case: Select the course
[INFO ] 26-08-2022 10:28:11 [main] Log - 1. Click on the Courses button
[INFO ] 26-08-2022 10:28:11 [main] Log - 2. Select the course
[INFO ] 26-08-2022 10:28:12 [main] Log - 3. Check the Book now button is shown
[INFO ] 26-08-2022 10:28:13 [main] Log - 4. Check the title of the course
[INFO ] 26-08-2022 10:28:13 [main] Log - Select the course successfully
[INFO ] 26-08-2022 10:28:13 [main] Log - Run test case: Check the added course in the cart
[INFO ] 26-08-2022 10:28:13 [main] Log - 1. Click on the Cart icon
[INFO ] 26-08-2022 10:28:13 [main] Log - 2. Check the Validate button is shown
[INFO ] 26-08-2022 10:28:14 [main] Log - 3. Check the title of the added course
[INFO ] 26-08-2022 10:28:14 [main] Log - The course is shown in the cart
[INFO ] 26-08-2022 14:09:01 [main] Log - Run test case: Select the course
[INFO ] 26-08-2022 14:09:01 [main] Log - 1. Click on the Courses button
[INFO ] 26-08-2022 14:09:01 [main] Log - 2. Select the course
[INFO ] 26-08-2022 14:09:03 [main] Log - 3. Check the Book now button is shown
[INFO ] 26-08-2022 14:09:04 [main] Log - 4. Check the title of the course
[INFO ] 26-08-2022 14:09:04 [main] Log - Select the course successfully
[INFO ] 26-08-2022 14:09:04 [main] Log - Run test case: Check the added course in the cart
[INFO ] 26-08-2022 14:09:04 [main] Log - 1. Click on the Cart icon
[INFO ] 26-08-2022 14:09:04 [main] Log - 2. Check the Validate button is shown
[INFO ] 26-08-2022 14:09:05 [main] Log - 3. Check the title of the added course
[INFO ] 26-08-2022 14:09:05 [main] Log - The course is shown in the cart
[INFO ] 26-08-2022 14:15:53 [main] Log - Run test case: Select the course
[INFO ] 26-08-2022 14:15:53 [main] Log - 1. Click on the Courses button
[INFO ] 26-08-2022 14:15:54 [main] Log - 2. Select the course
[INFO ] 26-08-2022 14:15:55 [main] Log - 3. Check the Book now button is shown
[INFO ] 26-08-2022 14:15:56 [main] Log - 4. Check the title of the course
[INFO ] 26-08-2022 14:15:56 [main] Log - Select the course successfully
[INFO ] 26-08-2022 14:15:56 [main] Log - Run test case: Check the added course in the cart
[INFO ] 26-08-2022 14:15:56 [main] Log - 1. Click on the Cart icon
[INFO ] 26-08-2022 14:15:56 [main] Log - 2. Check the Validate button is shown
[INFO ] 26-08-2022 14:15:57 [main] Log - 3. Check the title of the added course
[INFO ] 26-08-2022 14:15:57 [main] Log - The course is shown in the cart
[INFO ] 26-08-2022 14:18:56 [main] Log - Run test case: Check the added course in the cart
[INFO ] 26-08-2022 14:18:56 [main] Log - 1. Click on the Cart icon
[INFO ] 26-08-2022 14:18:56 [main] Log - 2. Check the Validate button is shown
[INFO ] 26-08-2022 14:18:56 [main] Log - 3. Check the title of the added course
[INFO ] 26-08-2022 14:18:56 [main] Log - The course is shown in the cart
[INFO ] 26-08-2022 15:28:05 [main] Log - Run test case: Select the course
[INFO ] 26-08-2022 15:28:05 [main] Log - 1. Click on the Courses button
[INFO ] 26-08-2022 15:28:05 [main] Log - 2. Select the course
[INFO ] 26-08-2022 15:28:06 [main] Log - 3. Check the Book now button is shown
[INFO ] 26-08-2022 15:28:36 [main] Log - Run test case: Check the added course in the cart
[INFO ] 26-08-2022 15:28:36 [main] Log - 1. Click on the Cart icon
[INFO ] 26-08-2022 15:28:36 [main] Log - 2. Check the Validate button is shown
[INFO ] 26-08-2022 15:28:37 [main] Log - 3. Check the title of the added course
[INFO ] 26-08-2022 15:28:37 [main] Log - The course is shown in the cart
[INFO ] 26-08-2022 15:40:54 [main] Log - Run test case: Select the course
[INFO ] 26-08-2022 15:40:54 [main] Log - 1. Click on the Courses button
[INFO ] 26-08-2022 15:40:54 [main] Log - 2. Select the course
[INFO ] 26-08-2022 15:40:56 [main] Log - 3. Check the Book now button is shown
[INFO ] 26-08-2022 15:41:26 [main] Log - Run test case: Check the added course in the cart
[INFO ] 26-08-2022 15:41:26 [main] Log - 1. Click on the Cart icon
[INFO ] 26-08-2022 15:41:26 [main] Log - 2. Check the Validate button is shown
[INFO ] 26-08-2022 15:41:27 [main] Log - 3. Check the title of the added course
[INFO ] 26-08-2022 15:41:27 [main] Log - The course is shown in the cart
[INFO ] 26-08-2022 15:48:50 [main] Log - Run test case: Select the course
[INFO ] 26-08-2022 15:48:50 [main] Log - 1. Click on the Courses button
[INFO ] 26-08-2022 15:48:51 [main] Log - 2. Select the course
[INFO ] 26-08-2022 15:48:51 [main] Log - 3. Check the Book now button is shown
[INFO ] 26-08-2022 15:49:22 [main] Log - Run test case: Check the added course in the cart
[INFO ] 26-08-2022 15:49:22 [main] Log - 1. Click on the Cart icon
[INFO ] 26-08-2022 15:49:22 [main] Log - 2. Check the Validate button is shown
[INFO ] 26-08-2022 15:49:22 [main] Log - 3. Check the title of the added course
[INFO ] 26-08-2022 15:49:22 [main] Log - The course is shown in the cart
[INFO ] 26-08-2022 15:54:09 [main] Log - Run test case: Select the course
[INFO ] 26-08-2022 15:54:09 [main] Log - 1. Click on the Courses button
[INFO ] 26-08-2022 15:54:09 [main] Log - 2. Select the course
[INFO ] 26-08-2022 15:54:10 [main] Log - 3. Check the Book now button is shown
[INFO ] 26-08-2022 16:17:12 [main] Log - Run test case: Select the course
[INFO ] 26-08-2022 16:17:12 [main] Log - 1. Click on the Courses button
[INFO ] 26-08-2022 16:17:13 [main] Log - 2. Select the course
[INFO ] 26-08-2022 16:17:13 [main] Log - 3. Check the Book now button is shown
[INFO ] 26-08-2022 16:17:14 [main] Log - 4. Check the title of the course
[INFO ] 26-08-2022 16:17:14 [main] Log - Select the course successfully
